<?xml version="1.0" encoding="utf-8"?><testsuites name="pytest tests"><testsuite name="pytest" errors="0" failures="0" skipped="0" tests="2" time="2.778" timestamp="2026-09-14T14:40:53.542727+00:00" hostname="agent-env-8f13228b-c713-4633-9579-7443e03c0f38"><testcase classname="tests.test_announcements_and_sections" name="test_announcements_full_crud_and_window" time="1.617" /><testcase classname="tests.test_announcements_and_sections" name="test_home_sections_toggle_and_reorder_persistence" time="0.640" /></testsuite></testsuites>