<?xml version="1.0" encoding="utf-8"?><testsuites name="pytest tests"><testsuite name="pytest" errors="0" failures="0" skipped="0" tests="7" time="3.106" timestamp="2026-09-14T14:24:27.071414+00:00" hostname="agent-env-8f13228b-c713-4633-9579-7443e03c0f38"><testcase classname="tests.test_banners_upload.TestUpload" name="test_upload_requires_admin" time="0.264" /><testcase classname="tests.test_banners_upload.TestBannerCRUD" name="test_create_update_toggle_delete" time="1.486" /><testcase classname="tests.test_banners_upload.TestUpload" name="test_upload_and_serve" time="1.097" /><testcase classname="tests.test_banners_upload.TestUpload" name="test_upload_rejects_non_image" time="0.121" /><testcase classname="tests.test_banners_upload.TestUpload" name="test_serve_missing_returns_404" time="0.960" /><testcase classname="tests.test_banners_upload.TestBannerCRUD" name="test_banner_requires_admin" time="0.954" /><testcase classname="tests.test_banners_upload.TestPublicBanners" name="test_public_banners_only_active" time="0.175" /></testsuite></testsuites>