<?xml version="1.0" encoding="utf-8"?><testsuites name="pytest tests"><testsuite name="pytest" errors="0" failures="0" skipped="0" tests="27" time="6.253" timestamp="2026-09-14T13:44:48.969603+00:00" hostname="agent-env-8f13228b-c713-4633-9579-7443e03c0f38"><testcase classname="tests.backend_test.TestCatalog" name="test_root" time="0.212" /><testcase classname="tests.backend_test.TestCatalog" name="test_list_products_filters" time="0.226" /><testcase classname="tests.backend_test.TestCatalog" name="test_min_discount_filter" time="0.073" /><testcase classname="tests.backend_test.TestAdmin" name="test_dashboard" time="0.523" /><testcase classname="tests.backend_test.TestCatalog" name="test_sort_price_asc" time="0.072" /><testcase classname="tests.backend_test.TestAdmin" name="test_product_crud_and_stock" time="0.445" /><testcase classname="tests.backend_test.TestCatalog" name="test_product_detail" time="0.369" /><testcase classname="tests.backend_test.TestAdmin" name="test_admin_orders_list_and_flow" time="0.228" /><testcase classname="tests.backend_test.TestCatalog" name="test_add_review_recomputes_rating" time="0.391" /><testcase classname="tests.backend_test.TestAdmin" name="test_admin_coupon_crud" time="0.221" /><testcase classname="tests.backend_test.TestCatalog" name="test_offer_zone" time="0.076" /><testcase classname="tests.backend_test.TestAdmin" name="test_admin_combo_crud" time="0.195" /><testcase classname="tests.backend_test.TestCatalog" name="test_combos" time="0.148" /><testcase classname="tests.backend_test.TestCatalog" name="test_categories" time="0.096" /><testcase classname="tests.backend_test.TestAdmin" name="test_admin_settings_update_reflects_public" time="0.694" /><testcase classname="tests.backend_test.TestCatalog" name="test_settings" time="0.070" /><testcase classname="tests.backend_test.TestAuth" name="test_register_login_me_logout" time="1.004" /><testcase classname="tests.backend_test.TestCart" name="test_validate_basic" time="0.787" /><testcase classname="tests.backend_test.TestAuth" name="test_admin_login" time="0.423" /><testcase classname="tests.backend_test.TestCart" name="test_coupon_welcome10_valid" time="0.211" /><testcase classname="tests.backend_test.TestAuth" name="test_admin_rbac_rejects_anon" time="0.367" /><testcase classname="tests.backend_test.TestAuth" name="test_admin_rbac_rejects_customer" time="0.554" /><testcase classname="tests.backend_test.TestCart" name="test_coupon_invalid" time="0.364" /><testcase classname="tests.backend_test.TestCart" name="test_coupon_min_order_not_met" time="0.328" /><testcase classname="tests.backend_test.TestOrderFlow" name="test_guest_order_and_verify" time="0.853" /><testcase classname="tests.backend_test.TestOrderFlow" name="test_out_of_stock_protection" time="0.567" /><testcase classname="tests.backend_test.TestOrderFlow" name="test_webhook_idempotency" time="0.150" /></testsuite></testsuites>